0 info it worked if it ends with ok
1 verbose cli [ 'node', '/usr/local/bin/npm', 'run', 'build:js' ]
2 info using npm@1.3.21
3 info using node@v0.10.24
4 verbose run-script [ 'prebuild:js', 'build:js', 'postbuild:js' ]
5 info prebuild:js mw-wiki@0.0.0
6 info build:js mw-wiki@0.0.0
7 verbose unsafe-perm in lifecycle true
8 info mw-wiki@0.0.0 Failed to exec build:js script
9 error mw-wiki@0.0.0 build:js: `browserify ./src/app.js -t [ babelify --optional es7.classProperties ] --outfile public/all.js`
9 error Exit status 8
10 error Failed at the mw-wiki@0.0.0 build:js script.
10 error This is most likely a problem with the mw-wiki package,
10 error not with npm itself.
10 error Tell the author that this fails on your system:
10 error     browserify ./src/app.js -t [ babelify --optional es7.classProperties ] --outfile public/all.js
10 error You can get their info via:
10 error     npm owner ls mw-wiki
10 error There is likely additional logging output above.
11 error System Darwin 15.2.0
12 error command "node" "/usr/local/bin/npm" "run" "build:js"
13 error cwd /Users/nihaomouw/Projects/mw-wiki
14 error node -v v0.10.24
15 error npm -v 1.3.21
16 error code ELIFECYCLE
17 verbose exit [ 1, true ]
